   39.70441346      0.1718043311E-02   2.594398483    
   45.47343080      0.1719864468E-02   2.593084964    
   51.24244814      0.1699144481E-02   2.595638878    
   57.01146548      0.1709433034E-02   2.592959586    
   62.78048282      0.1692064027E-02   2.595233067    
   68.54950016      0.1711063918E-02   2.591467930    
   74.31851750      0.1694604526E-02   2.594069065    
   80.08753484      0.1679186779E-02   2.596707559    
   85.85655218      0.1664041126E-02   2.599703586    
   91.62556952      0.1648697243E-02   2.603184289    
   97.39458686      0.1674978784E-02   2.599638564    
   103.1636042      0.1657004939E-02   2.604080491    
   108.9326215      0.1637760788E-02   2.609250907    
   114.7016389      0.1617781315E-02   2.614637339    
   120.4706562      0.1595856312E-02   2.620882499    
   126.2396736      0.1571590864E-02   2.628083857    
   132.0086909      0.1545704557E-02   2.635610980    
   137.7777082      0.1517398998E-02   2.643820070    
   143.5467256      0.1485682305E-02   2.653163747    
   149.3157429      0.1450775747E-02   2.663300753    
   155.0847603      0.1412275371E-02   2.674266334    
   160.8537776      0.1435941661E-02   2.672779586    
   166.6227949      0.1389153736E-02   2.685434202    
   172.3918123      0.1336537415E-02   2.699524755    
   178.1608296      0.1279185700E-02   2.714062498    
   183.9298470      0.1215326309E-02   2.729567870    
   189.6988643      0.1143774069E-02   2.746062465    
   195.4678816      0.1062891406E-02   2.763565359    
   201.2368990      0.9686930925E-03   2.782758148    
   207.0059163      0.8601565658E-03   2.802387164    
   212.7749337      0.7289142307E-03   2.823077145    
   218.5439510      0.5560647582E-03   2.845613348    
   224.3129683      0.2844181831E-03   2.868457969    
   230.0819857      0.3288008939E-05   2.876876061    
   235.8510030      0.6929549740E-09   2.876655663    
   241.6200204      0.4308660596E-09   2.876878406    
   247.3890377      0.3162950401E-09   2.876622209    
   253.1580550      0.2465352327E-09   2.876836413    
   258.9270724      0.2090560403E-09   2.876540882    
   264.6960897      0.1794236596E-09   2.876749333    
   270.4651071      0.1575697123E-09   2.876944646    
   276.2341244      0.1431147700E-09   2.876613274    
   282.0031417      0.1287688246E-09   2.876806151    
   287.7721591      0.1147941789E-09   2.876421882    
   293.5411764      0.1079103315E-09   2.876614650    
   299.3101938      0.1010126296E-09   2.876796429    
   305.0792111      0.9416249424E-10   2.876968039    
   310.8482284      0.8741910454E-10   2.876545103    
   316.6172458      0.8084155667E-10   2.876719530    
   322.3862631      0.7446653873E-10   2.876884718    
   328.1552805      0.6833386505E-10   2.876399910    
   333.9242978      0.6248020499E-10   2.876570314    
   339.6933151      0.5692185226E-10   2.876732148    
   345.4623325      0.5167616788E-10   2.876885979    
   351.2313498      0.4675417038E-10   2.877032325    
   357.0003672      0.4216189208E-10   2.876499794    
   362.7693845      0.3790273409E-10   2.876653625    
   368.5384018      0.3396767176E-10   2.876800322    
   374.3074192      0.3034911351E-10   2.876940317    
   380.0764365      0.2703705134E-10   2.876327112    
   385.8454539      0.2402067607E-10   2.876476901    
   391.6144712      0.2128184097E-10   2.876620149    
   397.3834885      0.1880472634E-10   2.876757233    
   403.1525059      0.1657270818E-10   2.876888499    
   408.9215232      0.1456875253E-10   2.877014273    
   414.6905406      0.1277605723E-10   2.876328613    
   420.4595579      0.1117869860E-10   2.876466114    
   426.2285752      0.9758482221E-11   2.876598096    
   431.9975926      0.8499623284E-11   2.876724849    
   437.7666099      0.7387071896E-11   2.876846647    
   443.5356273      0.6406609128E-11   2.876963743    
   449.3046446      0.5544910509E-11   2.877076377    
   455.0736619      0.4789715815E-11   2.876304509    
   460.8426793      0.4129937492E-11   2.876430631    
   466.6116966      0.3554372771E-11   2.876552126    
   472.3807140      0.3053458742E-11   2.876669217    
   478.1497313      0.2618507640E-11   2.876782115    
   483.9187486      0.2241665252E-11   2.876891017    
   489.6877660      0.1915863364E-11   2.876996110    
   495.4567833      0.1634768364E-11   2.877097568    
   501.2258007      0.1392773767E-11   2.876214896    
   506.9948180      0.1184961333E-11   2.876331614    
   512.7638353      0.1006662214E-11   2.876444435    
   518.5328527      0.8539605053E-12   2.876553528    
   524.3018700      0.7234093715E-12   2.876659057    
   530.0708874      0.6119841276E-12   2.876761175    
   535.8399047      0.5170382762E-12   2.876860027    
   541.6089220      0.4362626640E-12   2.876955750    
   547.3779394      0.3676478371E-12   2.877048476    
   553.1469567      0.3094495872E-12   2.877138327    
   558.9159741      0.2601677584E-12   2.876122897    
   564.6849914      0.2185180149E-12   2.876229608    
   570.4540087      0.1833313428E-12   2.876333114    
   576.2230261      0.1536438884E-12   2.876433541    
   581.9920434      0.1286281315E-12   2.876531011    
   587.7610608      0.1075749987E-12   2.876625639    
   593.5300781      0.8987806026E-13   2.876717533    
   599.2990954      0.7501961797E-13   2.876806798    
   605.0681128      0.6255849922E-13   2.876893533    
   610.8371301      0.5211938193E-13   2.876977833    
