+------------------------------+
|     Eliashberg equations     |
+------------------------------+
 
Temperature range :    31.00492563       558.0886613    
Number of temperature steps :    100
Number of output frequencies :     2000
Fermionic Matsubara frequency cut-off
 phonons :   0.9435061068E-01
 Coulomb :   0.4717530534E-02
 
Temperature (kelvin) :    36.27576298    
Number of Matsubara frequencies
 phonons :      131
 Coulomb :        7
Eliashberg equations converged in     94 iterations
 
Temperature (kelvin) :    41.54660034    
Number of Matsubara frequencies
 phonons :      114
 Coulomb :        6
Eliashberg equations converged in     77 iterations
 
Temperature (kelvin) :    46.81743770    
Number of Matsubara frequencies
 phonons :      101
 Coulomb :        5
Eliashberg equations converged in     76 iterations
 
Temperature (kelvin) :    52.08827505    
Number of Matsubara frequencies
 phonons :       91
 Coulomb :        5
Eliashberg equations converged in     77 iterations
 
Temperature (kelvin) :    57.35911241    
Number of Matsubara frequencies
 phonons :       83
 Coulomb :        4
Eliashberg equations converged in     73 iterations
 
Temperature (kelvin) :    62.62994977    
Number of Matsubara frequencies
 phonons :       76
 Coulomb :        4
Eliashberg equations converged in     76 iterations
 
Temperature (kelvin) :    67.90078712    
Number of Matsubara frequencies
 phonons :       70
 Coulomb :        3
Eliashberg equations converged in     69 iterations
 
Temperature (kelvin) :    73.17162448    
Number of Matsubara frequencies
 phonons :       65
 Coulomb :        3
Eliashberg equations converged in     77 iterations
 
Temperature (kelvin) :    78.44246184    
Number of Matsubara frequencies
 phonons :       60
 Coulomb :        3
Eliashberg equations converged in     76 iterations
 
Temperature (kelvin) :    83.71329919    
Number of Matsubara frequencies
 phonons :       57
 Coulomb :        3
Eliashberg equations converged in     76 iterations
 
Temperature (kelvin) :    88.98413655    
Number of Matsubara frequencies
 phonons :       53
 Coulomb :        3
Eliashberg equations converged in     76 iterations
 
Temperature (kelvin) :    94.25497391    
Number of Matsubara frequencies
 phonons :       50
 Coulomb :        3
Eliashberg equations converged in     77 iterations
 
Temperature (kelvin) :    99.52581126    
Number of Matsubara frequencies
 phonons :       48
 Coulomb :        2
Eliashberg equations converged in     71 iterations
 
Temperature (kelvin) :    104.7966486    
Number of Matsubara frequencies
 phonons :       45
 Coulomb :        2
Eliashberg equations converged in     80 iterations
 
Temperature (kelvin) :    110.0674860    
Number of Matsubara frequencies
 phonons :       43
 Coulomb :        2
Eliashberg equations converged in     81 iterations
 
Temperature (kelvin) :    115.3383233    
Number of Matsubara frequencies
 phonons :       41
 Coulomb :        2
Eliashberg equations converged in     83 iterations
 
Temperature (kelvin) :    120.6091607    
Number of Matsubara frequencies
 phonons :       39
 Coulomb :        2
Eliashberg equations converged in     85 iterations
 
Temperature (kelvin) :    125.8799980    
Number of Matsubara frequencies
 phonons :       38
 Coulomb :        2
Eliashberg equations converged in     88 iterations
 
Temperature (kelvin) :    131.1508354    
Number of Matsubara frequencies
 phonons :       36
 Coulomb :        2
Eliashberg equations converged in     92 iterations
 
Temperature (kelvin) :    136.4216728    
Number of Matsubara frequencies
 phonons :       35
 Coulomb :        2
Eliashberg equations converged in     96 iterations
 
Temperature (kelvin) :    141.6925101    
Number of Matsubara frequencies
 phonons :       33
 Coulomb :        2
Eliashberg equations converged in    101 iterations
 
Temperature (kelvin) :    146.9633475    
Number of Matsubara frequencies
 phonons :       32
 Coulomb :        2
Eliashberg equations converged in    108 iterations
 
Temperature (kelvin) :    152.2341848    
Number of Matsubara frequencies
 phonons :       31
 Coulomb :        2
Eliashberg equations converged in    115 iterations
 
Temperature (kelvin) :    157.5050222    
Number of Matsubara frequencies
 phonons :       30
 Coulomb :        2
Eliashberg equations converged in    125 iterations
 
Temperature (kelvin) :    162.7758595    
Number of Matsubara frequencies
 phonons :       29
 Coulomb :        1
Eliashberg equations converged in    125 iterations
 
Temperature (kelvin) :    168.0466969    
Number of Matsubara frequencies
 phonons :       28
 Coulomb :        1
Eliashberg equations converged in    143 iterations
 
Temperature (kelvin) :    173.3175343    
Number of Matsubara frequencies
 phonons :       27
 Coulomb :        1
Eliashberg equations converged in    159 iterations
 
Temperature (kelvin) :    178.5883716    
Number of Matsubara frequencies
 phonons :       27
 Coulomb :        1
Eliashberg equations converged in    182 iterations
 
Temperature (kelvin) :    183.8592090    
Number of Matsubara frequencies
 phonons :       26
 Coulomb :        1
Eliashberg equations converged in    212 iterations
 
Temperature (kelvin) :    189.1300463    
Number of Matsubara frequencies
 phonons :       25
 Coulomb :        1
Eliashberg equations converged in    256 iterations
 
Temperature (kelvin) :    194.4008837    
Number of Matsubara frequencies
 phonons :       24
 Coulomb :        1
Eliashberg equations converged in    326 iterations
 
Temperature (kelvin) :    199.6717210    
Number of Matsubara frequencies
 phonons :       24
 Coulomb :        1
Eliashberg equations converged in    457 iterations
 
Temperature (kelvin) :    204.9425584    
Number of Matsubara frequencies
 phonons :       23
 Coulomb :        1
Eliashberg equations converged in    775 iterations
 
Temperature (kelvin) :    210.2133958    
Number of Matsubara frequencies
 phonons :       23
 Coulomb :        1
Failed to converge: possibly close to T_c
 
Temperature (kelvin) :    215.4842331    
Number of Matsubara frequencies
 phonons :       22
 Coulomb :        1
Failed to converge: possibly close to T_c
 
Temperature (kelvin) :    220.7550705    
Number of Matsubara frequencies
 phonons :       21
 Coulomb :        1
Eliashberg equations converged in    766 iterations
 
Temperature (kelvin) :    226.0259078    
Number of Matsubara frequencies
 phonons :       21
 Coulomb :        1
Eliashberg equations converged in     28 iterations
 
Temperature (kelvin) :    231.2967452    
Number of Matsubara frequencies
 phonons :       21
 Coulomb :        1
Eliashberg equations converged in     14 iterations
 
Temperature (kelvin) :    236.5675825    
Number of Matsubara frequencies
 phonons :       20
 Coulomb :        1
Eliashberg equations converged in      8 iterations
 
Temperature (kelvin) :    241.8384199    
Number of Matsubara frequencies
 phonons :       20
 Coulomb :        1
Eliashberg equations converged in      6 iterations
 
Temperature (kelvin) :    247.1092572    
Number of Matsubara frequencies
 phonons :       19
 Coulomb :        1
Eliashberg equations converged in      2 iterations
 
Temperature (kelvin) :    252.3800946    
Number of Matsubara frequencies
 phonons :       19
 Coulomb :        1
Eliashberg equations converged in      5 iterations
 
Temperature (kelvin) :    257.6509320    
Number of Matsubara frequencies
 phonons :       18
 Coulomb :        1
Eliashberg equations converged in      1 iterations
 
Temperature (kelvin) :    262.9217693    
Number of Matsubara frequencies
 phonons :       18
 Coulomb :        1
Eliashberg equations converged in      1 iterations
 
Temperature (kelvin) :    268.1926067    
Number of Matsubara frequencies
 phonons :       18
 Coulomb :        1
Eliashberg equations converged in      2 iterations
 
Temperature (kelvin) :    273.4634440    
Number of Matsubara frequencies
 phonons :       17
 Coulomb :        1
Eliashberg equations converged in      2 iterations
 
Temperature (kelvin) :    278.7342814    
Number of Matsubara frequencies
 phonons :       17
 Coulomb :        1
Eliashberg equations converged in      1 iterations
 
Temperature (kelvin) :    284.0051187    
Number of Matsubara frequencies
 phonons :       17
 Coulomb :        1
Eliashberg equations converged in      1 iterations
 
Temperature (kelvin) :    289.2759561    
Number of Matsubara frequencies
 phonons :       16
 Coulomb :        1
Eliashberg equations converged in      1 iterations
 
Temperature (kelvin) :    294.5467935    
Number of Matsubara frequencies
 phonons :       16
 Coulomb :        1
Eliashberg equations converged in      1 iterations
 
Temperature (kelvin) :    299.8176308    
Number of Matsubara frequencies
 phonons :       16
 Coulomb :        1
Eliashberg equations converged in      1 iterations
 
Temperature (kelvin) :    305.0884682    
Number of Matsubara frequencies
 phonons :       16
 Coulomb :        1
Eliashberg equations converged in      1 iterations
 
Temperature (kelvin) :    310.3593055    
Number of Matsubara frequencies
 phonons :       15
 Coulomb :        1
Eliashberg equations converged in      1 iterations
 
Temperature (kelvin) :    315.6301429    
Number of Matsubara frequencies
 phonons :       15
 Coulomb :        1
Eliashberg equations converged in      1 iterations
 
Temperature (kelvin) :    320.9009802    
Number of Matsubara frequencies
 phonons :       15
 Coulomb :        1
Eliashberg equations converged in      1 iterations
 
Temperature (kelvin) :    326.1718176    
Number of Matsubara frequencies
 phonons :       15
 Coulomb :        1
Eliashberg equations converged in      1 iterations
 
Temperature (kelvin) :    331.4426550    
Number of Matsubara frequencies
 phonons :       14
 Coulomb :        1
Eliashberg equations converged in      1 iterations
 
Temperature (kelvin) :    336.7134923    
Number of Matsubara frequencies
 phonons :       14
 Coulomb :        1
Eliashberg equations converged in      1 iterations
 
Temperature (kelvin) :    341.9843297    
Number of Matsubara frequencies
 phonons :       14
 Coulomb :        1
Eliashberg equations converged in      1 iterations
 
Temperature (kelvin) :    347.2551670    
Number of Matsubara frequencies
 phonons :       14
 Coulomb :        1
Eliashberg equations converged in      1 iterations
 
Temperature (kelvin) :    352.5260044    
Number of Matsubara frequencies
 phonons :       13
 Coulomb :        1
Eliashberg equations converged in      1 iterations
 
Temperature (kelvin) :    357.7968417    
Number of Matsubara frequencies
 phonons :       13
 Coulomb :        1
Eliashberg equations converged in      1 iterations
 
Temperature (kelvin) :    363.0676791    
Number of Matsubara frequencies
 phonons :       13
 Coulomb :        1
Eliashberg equations converged in      1 iterations
 
Temperature (kelvin) :    368.3385165    
Number of Matsubara frequencies
 phonons :       13
 Coulomb :        1
Eliashberg equations converged in      1 iterations
 
Temperature (kelvin) :    373.6093538    
Number of Matsubara frequencies
 phonons :       13
 Coulomb :        1
Eliashberg equations converged in      1 iterations
 
Temperature (kelvin) :    378.8801912    
Number of Matsubara frequencies
 phonons :       13
 Coulomb :        1
Eliashberg equations converged in      1 iterations
 
Temperature (kelvin) :    384.1510285    
Number of Matsubara frequencies
 phonons :       12
 Coulomb :        1
Eliashberg equations converged in      1 iterations
 
Temperature (kelvin) :    389.4218659    
Number of Matsubara frequencies
 phonons :       12
 Coulomb :        1
Eliashberg equations converged in      1 iterations
 
Temperature (kelvin) :    394.6927032    
Number of Matsubara frequencies
 phonons :       12
 Coulomb :        1
Eliashberg equations converged in      1 iterations
 
Temperature (kelvin) :    399.9635406    
Number of Matsubara frequencies
 phonons :       12
 Coulomb :        1
Eliashberg equations converged in      1 iterations
 
Temperature (kelvin) :    405.2343779    
Number of Matsubara frequencies
 phonons :       12
 Coulomb :        1
Eliashberg equations converged in      1 iterations
 
Temperature (kelvin) :    410.5052153    
Number of Matsubara frequencies
 phonons :       12
 Coulomb :        1
Eliashberg equations converged in      1 iterations
 
Temperature (kelvin) :    415.7760527    
Number of Matsubara frequencies
 phonons :       11
 Coulomb :        1
Eliashberg equations converged in      1 iterations
 
Temperature (kelvin) :    421.0468900    
Number of Matsubara frequencies
 phonons :       11
 Coulomb :        1
Eliashberg equations converged in      1 iterations
 
Temperature (kelvin) :    426.3177274    
Number of Matsubara frequencies
 phonons :       11
 Coulomb :        1
Eliashberg equations converged in      1 iterations
 
Temperature (kelvin) :    431.5885647    
Number of Matsubara frequencies
 phonons :       11
 Coulomb :        1
Eliashberg equations converged in      1 iterations
 
Temperature (kelvin) :    436.8594021    
Number of Matsubara frequencies
 phonons :       11
 Coulomb :        1
Eliashberg equations converged in      1 iterations
 
Temperature (kelvin) :    442.1302394    
Number of Matsubara frequencies
 phonons :       11
 Coulomb :        1
Eliashberg equations converged in      1 iterations
 
Temperature (kelvin) :    447.4010768    
Number of Matsubara frequencies
 phonons :       11
 Coulomb :        1
Eliashberg equations converged in      1 iterations
 
Temperature (kelvin) :    452.6719142    
Number of Matsubara frequencies
 phonons :       10
 Coulomb :        1
Eliashberg equations converged in      1 iterations
 
Temperature (kelvin) :    457.9427515    
Number of Matsubara frequencies
 phonons :       10
 Coulomb :        1
Eliashberg equations converged in      1 iterations
 
Temperature (kelvin) :    463.2135889    
Number of Matsubara frequencies
 phonons :       10
 Coulomb :        1
Eliashberg equations converged in      1 iterations
 
Temperature (kelvin) :    468.4844262    
Number of Matsubara frequencies
 phonons :       10
 Coulomb :        1
Eliashberg equations converged in      1 iterations
 
Temperature (kelvin) :    473.7552636    
Number of Matsubara frequencies
 phonons :       10
 Coulomb :        1
Eliashberg equations converged in      1 iterations
 
Temperature (kelvin) :    479.0261009    
Number of Matsubara frequencies
 phonons :       10
 Coulomb :        1
Eliashberg equations converged in      1 iterations
 
Temperature (kelvin) :    484.2969383    
Number of Matsubara frequencies
 phonons :       10
 Coulomb :        1
Eliashberg equations converged in      1 iterations
 
Temperature (kelvin) :    489.5677757    
Number of Matsubara frequencies
 phonons :       10
 Coulomb :        1
Eliashberg equations converged in      1 iterations
 
Temperature (kelvin) :    494.8386130    
Number of Matsubara frequencies
 phonons :       10
 Coulomb :        1
Eliashberg equations converged in      1 iterations
 
Temperature (kelvin) :    500.1094504    
Number of Matsubara frequencies
 phonons :        9
 Coulomb :        1
Eliashberg equations converged in      1 iterations
 
Temperature (kelvin) :    505.3802877    
Number of Matsubara frequencies
 phonons :        9
 Coulomb :        1
Eliashberg equations converged in      1 iterations
 
Temperature (kelvin) :    510.6511251    
Number of Matsubara frequencies
 phonons :        9
 Coulomb :        1
Eliashberg equations converged in      1 iterations
 
Temperature (kelvin) :    515.9219624    
Number of Matsubara frequencies
 phonons :        9
 Coulomb :        1
Eliashberg equations converged in      1 iterations
 
Temperature (kelvin) :    521.1927998    
Number of Matsubara frequencies
 phonons :        9
 Coulomb :        1
Eliashberg equations converged in      1 iterations
 
Temperature (kelvin) :    526.4636372    
Number of Matsubara frequencies
 phonons :        9
 Coulomb :        1
Eliashberg equations converged in      1 iterations
 
Temperature (kelvin) :    531.7344745    
Number of Matsubara frequencies
 phonons :        9
 Coulomb :        1
Eliashberg equations converged in      1 iterations
 
Temperature (kelvin) :    537.0053119    
Number of Matsubara frequencies
 phonons :        9
 Coulomb :        1
Eliashberg equations converged in      1 iterations
 
Temperature (kelvin) :    542.2761492    
Number of Matsubara frequencies
 phonons :        9
 Coulomb :        1
Eliashberg equations converged in      1 iterations
 
Temperature (kelvin) :    547.5469866    
Number of Matsubara frequencies
 phonons :        9
 Coulomb :        1
Eliashberg equations converged in      1 iterations
 
Temperature (kelvin) :    552.8178239    
Number of Matsubara frequencies
 phonons :        9
 Coulomb :        1
Eliashberg equations converged in      1 iterations
 
Temperature (kelvin) :    558.0886613    
Number of Matsubara frequencies
 phonons :        8
 Coulomb :        1
Eliashberg equations converged in      1 iterations
