   36.27576298      0.1587862077E-02   2.617115886    
   41.54660034      0.1586469158E-02   2.616357281    
   46.81743770      0.1591885843E-02   2.614448347    
   52.08827505      0.1570605339E-02   2.617173463    
   57.35911241      0.1584490234E-02   2.614056079    
   62.62994977      0.1566146878E-02   2.616562653    
   67.90078712      0.1590230806E-02   2.612034417    
   73.17162448      0.1572353684E-02   2.614954154    
   78.44246184      0.1555616142E-02   2.617886190    
   83.71329919      0.1538957255E-02   2.621359659    
   88.98413655      0.1522851072E-02   2.624839052    
   94.25497391      0.1506295122E-02   2.628837865    
   99.52581126      0.1536999352E-02   2.624706520    
   104.7966486      0.1517094420E-02   2.629740086    
   110.0674860      0.1495811412E-02   2.635498011    
   115.3383233      0.1473246265E-02   2.641756285    
   120.6091607      0.1449114283E-02   2.648551708    
   125.8799980      0.1422605942E-02   2.656267602    
   131.1508354      0.1394433953E-02   2.664261283    
   136.4216728      0.1363213659E-02   2.673273037    
   141.6925101      0.1329757134E-02   2.682583026    
   146.9633475      0.1292451184E-02   2.693014287    
   152.2341848      0.1251466318E-02   2.704203753    
   157.5050222      0.1206293140E-02   2.716178892    
   162.7758595      0.1236897885E-02   2.713167375    
   168.0466969      0.1182485761E-02   2.726787761    
   173.3175343      0.1122155558E-02   2.741269040    
   178.5883716      0.1053662751E-02   2.757196157    
   183.8592090      0.9775629660E-03   2.773504701    
   189.1300463      0.8905607151E-03   2.790740909    
   194.4008837      0.7889792556E-03   2.808921748    
   199.6717210      0.6640120256E-03   2.828750289    
   204.9425584      0.5036236464E-03   2.848931054    
   210.2133958      0.2377047934E-03   2.870689037    
   215.4842331      0.2087587908E-05   2.876702137    
   220.7550705      0.5655149377E-09   2.876488960    
   226.0259078      0.3544056475E-09   2.876714202    
   231.2967452      0.2587005644E-09   2.876924289    
   236.5675825      0.2067876715E-09   2.876684216    
   241.8384199      0.1691767175E-09   2.876886528    
   247.1092572      0.1566409916E-09   2.876611439    
   252.3800946      0.1258558049E-09   2.876808378    
   257.6509320      0.1198794088E-09   2.876492879    
   262.9217693      0.1136849948E-09   2.876686674    
   268.1926067      0.1012784140E-09   2.876869206    
   273.4634440      0.8936919192E-10   2.876516293    
   278.7342814      0.8358023045E-10   2.876698327    
   284.0051187      0.7783970619E-10   2.876870364    
   289.2759561      0.7219458210E-10   2.876473238    
   294.5467935      0.6669189628E-10   2.876647103    
   299.8176308      0.6136195536E-10   2.876811921    
   305.0884682      0.5623681762E-10   2.876968306    
   310.3593055      0.5134363837E-10   2.876529874    
   315.6301429      0.4670581572E-10   2.876690359    
   320.9009802      0.4233249871E-10   2.876843036    
   326.1718176      0.3823292681E-10   2.876988403    
   331.4426550      0.3441228655E-10   2.876498097    
   336.7134923      0.3087281728E-10   2.876649591    
   341.9843297      0.2760719757E-10   2.876794167    
   347.2551670      0.2460884802E-10   2.876932237    
   352.5260044      0.2186921944E-10   2.876375273    
   357.7968417      0.1937853345E-10   2.876521473    
   363.0676791      0.1712158442E-10   2.876661381    
   368.3385165      0.1508475458E-10   2.876795353    
   373.6093538      0.1325374923E-10   2.876923720    
   378.8801912      0.1161393805E-10   2.877046789    
   384.1510285      0.1015094846E-10   2.876433602    
   389.4218659      0.8850890940E-11   2.876566451    
   394.6927032      0.7698451460E-11   2.876694039    
   399.9635406      0.6680148544E-11   2.876816638    
   405.2343779      0.5783153975E-11   2.876934505    
   410.5052153      0.4995374048E-11   2.877047880    
   415.7760527      0.4305651158E-11   2.876354922    
   421.0468900      0.3703738305E-11   2.876479798    
   426.3177274      0.3179411834E-11   2.876600094    
   431.5885647      0.2723853821E-11   2.876716029    
   436.8594021      0.2329035515E-11   2.876827811    
   442.1302394      0.1987686224E-11   2.876935638    
   447.4010768      0.1693254995E-11   2.877039691    
   452.6719142      0.1439925322E-11   2.876250582    
   457.9427515      0.1222532244E-11   2.876367825    
   463.2135889      0.1036212152E-11   2.876481109    
   468.4844262      0.8768508586E-12   2.876590608    
   473.7552636      0.7408181116E-12   2.876696490    
   479.0261009      0.6249219982E-12   2.876798911    
   484.2969383      0.5263654662E-12   2.876898021    
   489.5677757      0.4427053397E-12   2.876993961    
   494.8386130      0.3718140792E-12   2.877086865    
   500.1094504      0.3118589740E-12   2.876191844    
   505.3802877      0.2612570518E-12   2.876299350    
   510.6511251      0.2185802458E-12   2.876403559    
   515.9219624      0.1826428460E-12   2.876504607    
   521.1927998      0.1524258434E-12   2.876602618    
   526.4636372      0.1270555429E-12   2.876697714    
   531.7344745      0.1057845269E-12   2.876790009    
   537.0053119      0.8797478900E-13   2.876879612    
   542.2761492      0.7308285287E-13   2.876966625    
   547.5469866      0.6064669474E-13   2.877051149    
   552.8178239      0.5027429473E-13   2.877133276    
   558.0886613      0.4163590798E-13   2.876107324    
