forrtl: severe (24): end-of-file during read, unit 5, file /proc/9729/fd/0
Image              PC                Routine            Line        Source             
lambda.x           000000000043BCDE  Unknown               Unknown  Unknown
lambda.x           00000000004608D5  Unknown               Unknown  Unknown
lambda.x           0000000000403BEB  MAIN__                     60  lambda.f90
lambda.x           0000000000403B5E  Unknown               Unknown  Unknown
libc-2.17.so       00002B1E94D4B445  __libc_start_main     Unknown  Unknown
lambda.x           0000000000403A69  Unknown               Unknown  Unknown
forrtl: severe (24): end-of-file during read, unit 5, file /proc/9736/fd/0
Image              PC                Routine            Line        Source             
lambda.x           000000000043BCDE  Unknown               Unknown  Unknown
lambda.x           00000000004608D5  Unknown               Unknown  Unknown
lambda.x           0000000000403BEB  MAIN__                     60  lambda.f90
lambda.x           0000000000403B5E  Unknown               Unknown  Unknown
libc-2.17.so       00002AC099A2C445  __libc_start_main     Unknown  Unknown
lambda.x           0000000000403A69  Unknown               Unknown  Unknown
forrtl: severe (24): end-of-file during read, unit 5, file /proc/9740/fd/0
Image              PC                Routine            Line        Source             
lambda.x           000000000043BCDE  Unknown               Unknown  Unknown
lambda.x           00000000004608D5  Unknown               Unknown  Unknown
lambda.x           0000000000403BEB  MAIN__                     60  lambda.f90
lambda.x           0000000000403B5E  Unknown               Unknown  Unknown
libc-2.17.so       00002AFCBEA55445  __libc_start_main     Unknown  Unknown
lambda.x           0000000000403A69  Unknown               Unknown  Unknown
forrtl: severe (24): end-of-file during read, unit 5, file /proc/9749/fd/0
Image              PC                Routine            Line        Source             
lambda.x           000000000043BCDE  Unknown               Unknown  Unknown
lambda.x           00000000004608D5  Unknown               Unknown  Unknown
lambda.x           0000000000403BEB  MAIN__                     60  lambda.f90
lambda.x           0000000000403B5E  Unknown               Unknown  Unknown
libc-2.17.so       00002BA83A0CB445  __libc_start_main     Unknown  Unknown
lambda.x           0000000000403A69  Unknown               Unknown  Unknown
forrtl: severe (24): end-of-file during read, unit 5, file /proc/9712/fd/0
Image              PC                Routine            Line        Source             
lambda.x           000000000043BCDE  Unknown               Unknown  Unknown
lambda.x           00000000004608D5  Unknown               Unknown  Unknown
lambda.x           0000000000403BEB  MAIN__                     60  lambda.f90
lambda.x           0000000000403B5E  Unknown               Unknown  Unknown
libc-2.17.so       00002B7D28FEF445  __libc_start_main     Unknown  Unknown
lambda.x           0000000000403A69  Unknown               Unknown  Unknown
forrtl: severe (24): end-of-file during read, unit 5, file /proc/9738/fd/0
Image              PC                Routine            Line        Source             
lambda.x           000000000043BCDE  Unknown               Unknown  Unknown
lambda.x           00000000004608D5  Unknown               Unknown  Unknown
lambda.x           0000000000403BEB  MAIN__                     60  lambda.f90
lambda.x           0000000000403B5E  Unknown               Unknown  Unknown
libc-2.17.so       00002B04CA3DA445  __libc_start_main     Unknown  Unknown
lambda.x           0000000000403A69  Unknown               Unknown  Unknown
forrtl: severe (24): end-of-file during read, unit 5, file /proc/9747/fd/0
Image              PC                Routine            Line        Source             
lambda.x           000000000043BCDE  Unknown               Unknown  Unknown
lambda.x           00000000004608D5  Unknown               Unknown  Unknown
lambda.x           0000000000403BEB  MAIN__                     60  lambda.f90
lambda.x           0000000000403B5E  Unknown               Unknown  Unknown
libc-2.17.so       00002B1D420E3445  __libc_start_main     Unknown  Unknown
lambda.x           0000000000403A69  Unknown               Unknown  Unknown
forrtl: severe (24): end-of-file during read, unit 5, file /proc/9702/fd/0
Image              PC                Routine            Line        Source             
lambda.x           000000000043BCDE  Unknown               Unknown  Unknown
lambda.x           00000000004608D5  Unknown               Unknown  Unknown
lambda.x           0000000000403BEB  MAIN__                     60  lambda.f90
lambda.x           0000000000403B5E  Unknown               Unknown  Unknown
libc-2.17.so       00002BA1662EB445  __libc_start_main     Unknown  Unknown
lambda.x           0000000000403A69  Unknown               Unknown  Unknown
forrtl: severe (24): end-of-file during read, unit 5, file /proc/9703/fd/0
Image              PC                Routine            Line        Source             
lambda.x           000000000043BCDE  Unknown               Unknown  Unknown
lambda.x           00000000004608D5  Unknown               Unknown  Unknown
lambda.x           0000000000403BEB  MAIN__                     60  lambda.f90
lambda.x           0000000000403B5E  Unknown               Unknown  Unknown
libc-2.17.so       00002B1AFF839445  __libc_start_main     Unknown  Unknown
lambda.x           0000000000403A69  Unknown               Unknown  Unknown
forrtl: severe (24): end-of-file during read, unit 5, file /proc/9705/fd/0
Image              PC                Routine            Line        Source             
lambda.x           000000000043BCDE  Unknown               Unknown  Unknown
lambda.x           00000000004608D5  Unknown               Unknown  Unknown
lambda.x           0000000000403BEB  MAIN__                     60  lambda.f90
lambda.x           0000000000403B5E  Unknown               Unknown  Unknown
libc-2.17.so       00002B2735E8A445  __libc_start_main     Unknown  Unknown
lambda.x           0000000000403A69  Unknown               Unknown  Unknown
forrtl: severe (24): end-of-file during read, unit 5, file /proc/9706/fd/0
Image              PC                Routine            Line        Source             
lambda.x           000000000043BCDE  Unknown               Unknown  Unknown
lambda.x           00000000004608D5  Unknown               Unknown  Unknown
lambda.x           0000000000403BEB  MAIN__                     60  lambda.f90
lambda.x           0000000000403B5E  Unknown               Unknown  Unknown
libc-2.17.so       00002AC81887D445  __libc_start_main     Unknown  Unknown
lambda.x           0000000000403A69  Unknown               Unknown  Unknown
forrtl: severe (24): end-of-file during read, unit 5, file /proc/9707/fd/0
Image              PC                Routine            Line        Source             
lambda.x           000000000043BCDE  Unknown               Unknown  Unknown
lambda.x           00000000004608D5  Unknown               Unknown  Unknown
lambda.x           0000000000403BEB  MAIN__                     60  lambda.f90
lambda.x           0000000000403B5E  Unknown               Unknown  Unknown
libc-2.17.so       00002AF7D7D9D445  __libc_start_main     Unknown  Unknown
lambda.x           0000000000403A69  Unknown               Unknown  Unknown
forrtl: severe (24): end-of-file during read, unit 5, file /proc/9708/fd/0
Image              PC                Routine            Line        Source             
lambda.x           000000000043BCDE  Unknown               Unknown  Unknown
lambda.x           00000000004608D5  Unknown               Unknown  Unknown
lambda.x           0000000000403BEB  MAIN__                     60  lambda.f90
lambda.x           0000000000403B5E  Unknown               Unknown  Unknown
libc-2.17.so       00002B5AEE8A5445  __libc_start_main     Unknown  Unknown
lambda.x           0000000000403A69  Unknown               Unknown  Unknown
forrtl: severe (24): end-of-file during read, unit 5, file /proc/9710/fd/0
Image              PC                Routine            Line        Source             
lambda.x           000000000043BCDE  Unknown               Unknown  Unknown
lambda.x           00000000004608D5  Unknown               Unknown  Unknown
lambda.x           0000000000403BEB  MAIN__                     60  lambda.f90
lambda.x           0000000000403B5E  Unknown               Unknown  Unknown
libc-2.17.so       00002B07B7C43445  __libc_start_main     Unknown  Unknown
lambda.x           0000000000403A69  Unknown               Unknown  Unknown
forrtl: severe (24): end-of-file during read, unit 5, file /proc/9711/fd/0
Image              PC                Routine            Line        Source             
lambda.x           000000000043BCDE  Unknown               Unknown  Unknown
lambda.x           00000000004608D5  Unknown               Unknown  Unknown
lambda.x           0000000000403BEB  MAIN__                     60  lambda.f90
lambda.x           0000000000403B5E  Unknown               Unknown  Unknown
libc-2.17.so       00002B1EB36DD445  __libc_start_main     Unknown  Unknown
lambda.x           0000000000403A69  Unknown               Unknown  Unknown
forrtl: severe (24): end-of-file during read, unit 5, file /proc/9716/fd/0
Image              PC                Routine            Line        Source             
lambda.x           000000000043BCDE  Unknown               Unknown  Unknown
lambda.x           00000000004608D5  Unknown               Unknown  Unknown
lambda.x           0000000000403BEB  MAIN__                     60  lambda.f90
lambda.x           0000000000403B5E  Unknown               Unknown  Unknown
libc-2.17.so       00002AAB66C98445  __libc_start_main     Unknown  Unknown
lambda.x           0000000000403A69  Unknown               Unknown  Unknown
forrtl: severe (24): end-of-file during read, unit 5, file /proc/9718/fd/0
Image              PC                Routine            Line        Source             
lambda.x           000000000043BCDE  Unknown               Unknown  Unknown
lambda.x           00000000004608D5  Unknown               Unknown  Unknown
lambda.x           0000000000403BEB  MAIN__                     60  lambda.f90
lambda.x           0000000000403B5E  Unknown               Unknown  Unknown
libc-2.17.so       00002AB721E49445  __libc_start_main     Unknown  Unknown
lambda.x           0000000000403A69  Unknown               Unknown  Unknown
forrtl: severe (24): end-of-file during read, unit 5, file /proc/9720/fd/0
Image              PC                Routine            Line        Source             
lambda.x           000000000043BCDE  Unknown               Unknown  Unknown
lambda.x           00000000004608D5  Unknown               Unknown  Unknown
lambda.x           0000000000403BEB  MAIN__                     60  lambda.f90
lambda.x           0000000000403B5E  Unknown               Unknown  Unknown
libc-2.17.so       00002AAE8D08F445  __libc_start_main     Unknown  Unknown
lambda.x           0000000000403A69  Unknown               Unknown  Unknown
forrtl: severe (24): end-of-file during read, unit 5, file /proc/9721/fd/0
Image              PC                Routine            Line        Source             
lambda.x           000000000043BCDE  Unknown               Unknown  Unknown
lambda.x           00000000004608D5  Unknown               Unknown  Unknown
lambda.x           0000000000403BEB  MAIN__                     60  lambda.f90
lambda.x           0000000000403B5E  Unknown               Unknown  Unknown
libc-2.17.so       00002B576BC0F445  __libc_start_main     Unknown  Unknown
lambda.x           0000000000403A69  Unknown               Unknown  Unknown
forrtl: severe (24): end-of-file during read, unit 5, file /proc/9722/fd/0
Image              PC                Routine            Line        Source             
lambda.x           000000000043BCDE  Unknown               Unknown  Unknown
lambda.x           00000000004608D5  Unknown               Unknown  Unknown
lambda.x           0000000000403BEB  MAIN__                     60  lambda.f90
lambda.x           0000000000403B5E  Unknown               Unknown  Unknown
libc-2.17.so       00002B547D2AA445  __libc_start_main     Unknown  Unknown
lambda.x           0000000000403A69  Unknown               Unknown  Unknown
forrtl: severe (24): end-of-file during read, unit 5, file /proc/9724/fd/0
Image              PC                Routine            Line        Source             
lambda.x           000000000043BCDE  Unknown               Unknown  Unknown
lambda.x           00000000004608D5  Unknown               Unknown  Unknown
lambda.x           0000000000403BEB  MAIN__                     60  lambda.f90
lambda.x           0000000000403B5E  Unknown               Unknown  Unknown
libc-2.17.so       00002B5FDCB05445  __libc_start_main     Unknown  Unknown
lambda.x           0000000000403A69  Unknown               Unknown  Unknown
forrtl: severe (24): end-of-file during read, unit 5, file /proc/9725/fd/0
Image              PC                Routine            Line        Source             
lambda.x           000000000043BCDE  Unknown               Unknown  Unknown
lambda.x           00000000004608D5  Unknown               Unknown  Unknown
lambda.x           0000000000403BEB  MAIN__                     60  lambda.f90
lambda.x           0000000000403B5E  Unknown               Unknown  Unknown
libc-2.17.so       00002B7E625CF445  __libc_start_main     Unknown  Unknown
lambda.x           0000000000403A69  Unknown               Unknown  Unknown
forrtl: severe (24): end-of-file during read, unit 5, file /proc/9727/fd/0
Image              PC                Routine            Line        Source             
lambda.x           000000000043BCDE  Unknown               Unknown  Unknown
lambda.x           00000000004608D5  Unknown               Unknown  Unknown
lambda.x           0000000000403BEB  MAIN__                     60  lambda.f90
lambda.x           0000000000403B5E  Unknown               Unknown  Unknown
libc-2.17.so       00002B3A2B413445  __libc_start_main     Unknown  Unknown
lambda.x           0000000000403A69  Unknown               Unknown  Unknown
forrtl: severe (24): end-of-file during read, unit 5, file /proc/9730/fd/0
Image              PC                Routine            Line        Source             
lambda.x           000000000043BCDE  Unknown               Unknown  Unknown
lambda.x           00000000004608D5  Unknown               Unknown  Unknown
lambda.x           0000000000403BEB  MAIN__                     60  lambda.f90
lambda.x           0000000000403B5E  Unknown               Unknown  Unknown
libc-2.17.so       00002B65DB688445  __libc_start_main     Unknown  Unknown
lambda.x           0000000000403A69  Unknown               Unknown  Unknown
forrtl: severe (24): end-of-file during read, unit 5, file /proc/9731/fd/0
Image              PC                Routine            Line        Source             
lambda.x           000000000043BCDE  Unknown               Unknown  Unknown
lambda.x           00000000004608D5  Unknown               Unknown  Unknown
lambda.x           0000000000403BEB  MAIN__                     60  lambda.f90
lambda.x           0000000000403B5E  Unknown               Unknown  Unknown
libc-2.17.so       00002B3FE0EAD445  __libc_start_main     Unknown  Unknown
lambda.x           0000000000403A69  Unknown               Unknown  Unknown
forrtl: severe (24): end-of-file during read, unit 5, file /proc/9734/fd/0
Image              PC                Routine            Line        Source             
lambda.x           000000000043BCDE  Unknown               Unknown  Unknown
lambda.x           00000000004608D5  Unknown               Unknown  Unknown
lambda.x           0000000000403BEB  MAIN__                     60  lambda.f90
lambda.x           0000000000403B5E  Unknown               Unknown  Unknown
libc-2.17.so       00002B358FF4F445  __libc_start_main     Unknown  Unknown
lambda.x           0000000000403A69  Unknown               Unknown  Unknown
forrtl: severe (24): end-of-file during read, unit 5, file /proc/9737/fd/0
Image              PC                Routine            Line        Source             
lambda.x           000000000043BCDE  Unknown               Unknown  Unknown
lambda.x           00000000004608D5  Unknown               Unknown  Unknown
lambda.x           0000000000403BEB  MAIN__                     60  lambda.f90
lambda.x           0000000000403B5E  Unknown               Unknown  Unknown
libc-2.17.so       00002B67DECEC445  __libc_start_main     Unknown  Unknown
lambda.x           0000000000403A69  Unknown               Unknown  Unknown
forrtl: severe (24): end-of-file during read, unit 5, file /proc/9739/fd/0
Image              PC                Routine            Line        Source             
lambda.x           000000000043BCDE  Unknown               Unknown  Unknown
lambda.x           00000000004608D5  Unknown               Unknown  Unknown
lambda.x           0000000000403BEB  MAIN__                     60  lambda.f90
lambda.x           0000000000403B5E  Unknown               Unknown  Unknown
libc-2.17.so       00002B5F9FE15445  __libc_start_main     Unknown  Unknown
lambda.x           0000000000403A69  Unknown               Unknown  Unknown
forrtl: severe (24): end-of-file during read, unit 5, file /proc/9741/fd/0
Image              PC                Routine            Line        Source             
lambda.x           000000000043BCDE  Unknown               Unknown  Unknown
lambda.x           00000000004608D5  Unknown               Unknown  Unknown
lambda.x           0000000000403BEB  MAIN__                     60  lambda.f90
lambda.x           0000000000403B5E  Unknown               Unknown  Unknown
libc-2.17.so       00002B3F4FE73445  __libc_start_main     Unknown  Unknown
lambda.x           0000000000403A69  Unknown               Unknown  Unknown
forrtl: severe (24): end-of-file during read, unit 5, file /proc/9742/fd/0
Image              PC                Routine            Line        Source             
lambda.x           000000000043BCDE  Unknown               Unknown  Unknown
lambda.x           00000000004608D5  Unknown               Unknown  Unknown
lambda.x           0000000000403BEB  MAIN__                     60  lambda.f90
lambda.x           0000000000403B5E  Unknown               Unknown  Unknown
libc-2.17.so       00002B78C4F87445  __libc_start_main     Unknown  Unknown
lambda.x           0000000000403A69  Unknown               Unknown  Unknown
forrtl: severe (24): end-of-file during read, unit 5, file /proc/9745/fd/0
Image              PC                Routine            Line        Source             
lambda.x           000000000043BCDE  Unknown               Unknown  Unknown
lambda.x           00000000004608D5  Unknown               Unknown  Unknown
lambda.x           0000000000403BEB  MAIN__                     60  lambda.f90
lambda.x           0000000000403B5E  Unknown               Unknown  Unknown
libc-2.17.so       00002B32A4F7A445  __libc_start_main     Unknown  Unknown
lambda.x           0000000000403A69  Unknown               Unknown  Unknown
forrtl: severe (24): end-of-file during read, unit 5, file /proc/9746/fd/0
Image              PC                Routine            Line        Source             
lambda.x           000000000043BCDE  Unknown               Unknown  Unknown
lambda.x           00000000004608D5  Unknown               Unknown  Unknown
lambda.x           0000000000403BEB  MAIN__                     60  lambda.f90
lambda.x           0000000000403B5E  Unknown               Unknown  Unknown
libc-2.17.so       00002AB146C99445  __libc_start_main     Unknown  Unknown
lambda.x           0000000000403A69  Unknown               Unknown  Unknown
forrtl: severe (24): end-of-file during read, unit 5, file /proc/9748/fd/0
Image              PC                Routine            Line        Source             
lambda.x           000000000043BCDE  Unknown               Unknown  Unknown
lambda.x           00000000004608D5  Unknown               Unknown  Unknown
lambda.x           0000000000403BEB  MAIN__                     60  lambda.f90
lambda.x           0000000000403B5E  Unknown               Unknown  Unknown
libc-2.17.so       00002B214CCF4445  __libc_start_main     Unknown  Unknown
lambda.x           0000000000403A69  Unknown               Unknown  Unknown
forrtl: severe (24): end-of-file during read, unit 5, file /proc/9704/fd/0
Image              PC                Routine            Line        Source             
lambda.x           000000000043BCDE  Unknown               Unknown  Unknown
lambda.x           00000000004608D5  Unknown               Unknown  Unknown
lambda.x           0000000000403BEB  MAIN__                     60  lambda.f90
lambda.x           0000000000403B5E  Unknown               Unknown  Unknown
libc-2.17.so       00002AEA2427B445  __libc_start_main     Unknown  Unknown
lambda.x           0000000000403A69  Unknown               Unknown  Unknown
forrtl: severe (24): end-of-file during read, unit 5, file /proc/9709/fd/0
Image              PC                Routine            Line        Source             
lambda.x           000000000043BCDE  Unknown               Unknown  Unknown
lambda.x           00000000004608D5  Unknown               Unknown  Unknown
lambda.x           0000000000403BEB  MAIN__                     60  lambda.f90
lambda.x           0000000000403B5E  Unknown               Unknown  Unknown
libc-2.17.so       00002AEAD02F5445  __libc_start_main     Unknown  Unknown
lambda.x           0000000000403A69  Unknown               Unknown  Unknown
forrtl: severe (24): end-of-file during read, unit 5, file /proc/9713/fd/0
Image              PC                Routine            Line        Source             
lambda.x           000000000043BCDE  Unknown               Unknown  Unknown
lambda.x           00000000004608D5  Unknown               Unknown  Unknown
lambda.x           0000000000403BEB  MAIN__                     60  lambda.f90
lambda.x           0000000000403B5E  Unknown               Unknown  Unknown
libc-2.17.so       00002B13BA024445  __libc_start_main     Unknown  Unknown
lambda.x           0000000000403A69  Unknown               Unknown  Unknown
forrtl: severe (24): end-of-file during read, unit 5, file /proc/9714/fd/0
Image              PC                Routine            Line        Source             
lambda.x           000000000043BCDE  Unknown               Unknown  Unknown
lambda.x           00000000004608D5  Unknown               Unknown  Unknown
lambda.x           0000000000403BEB  MAIN__                     60  lambda.f90
lambda.x           0000000000403B5E  Unknown               Unknown  Unknown
libc-2.17.so       00002B3B934C7445  __libc_start_main     Unknown  Unknown
lambda.x           0000000000403A69  Unknown               Unknown  Unknown
forrtl: severe (24): end-of-file during read, unit 5, file /proc/9715/fd/0
Image              PC                Routine            Line        Source             
lambda.x           000000000043BCDE  Unknown               Unknown  Unknown
lambda.x           00000000004608D5  Unknown               Unknown  Unknown
lambda.x           0000000000403BEB  MAIN__                     60  lambda.f90
lambda.x           0000000000403B5E  Unknown               Unknown  Unknown
libc-2.17.so       00002AB89A537445  __libc_start_main     Unknown  Unknown
lambda.x           0000000000403A69  Unknown               Unknown  Unknown
forrtl: severe (24): end-of-file during read, unit 5, file /proc/9717/fd/0
Image              PC                Routine            Line        Source             
lambda.x           000000000043BCDE  Unknown               Unknown  Unknown
lambda.x           00000000004608D5  Unknown               Unknown  Unknown
lambda.x           0000000000403BEB  MAIN__                     60  lambda.f90
lambda.x           0000000000403B5E  Unknown               Unknown  Unknown
libc-2.17.so       00002B9D833D8445  __libc_start_main     Unknown  Unknown
lambda.x           0000000000403A69  Unknown               Unknown  Unknown
forrtl: severe (24): end-of-file during read, unit 5, file /proc/9719/fd/0
Image              PC                Routine            Line        Source             
lambda.x           000000000043BCDE  Unknown               Unknown  Unknown
lambda.x           00000000004608D5  Unknown               Unknown  Unknown
lambda.x           0000000000403BEB  MAIN__                     60  lambda.f90
lambda.x           0000000000403B5E  Unknown               Unknown  Unknown
libc-2.17.so       00002B981E2A7445  __libc_start_main     Unknown  Unknown
lambda.x           0000000000403A69  Unknown               Unknown  Unknown
forrtl: severe (24): end-of-file during read, unit 5, file /proc/9726/fd/0
Image              PC                Routine            Line        Source             
lambda.x           000000000043BCDE  Unknown               Unknown  Unknown
lambda.x           00000000004608D5  Unknown               Unknown  Unknown
lambda.x           0000000000403BEB  MAIN__                     60  lambda.f90
lambda.x           0000000000403B5E  Unknown               Unknown  Unknown
libc-2.17.so       00002AD8D21C6445  __libc_start_main     Unknown  Unknown
lambda.x           0000000000403A69  Unknown               Unknown  Unknown
forrtl: severe (24): end-of-file during read, unit 5, file /proc/9728/fd/0
Image              PC                Routine            Line        Source             
lambda.x           000000000043BCDE  Unknown               Unknown  Unknown
lambda.x           00000000004608D5  Unknown               Unknown  Unknown
lambda.x           0000000000403BEB  MAIN__                     60  lambda.f90
lambda.x           0000000000403B5E  Unknown               Unknown  Unknown
libc-2.17.so       00002B070FB8A445  __libc_start_main     Unknown  Unknown
lambda.x           0000000000403A69  Unknown               Unknown  Unknown
forrtl: severe (24): end-of-file during read, unit 5, file /proc/9732/fd/0
Image              PC                Routine            Line        Source             
lambda.x           000000000043BCDE  Unknown               Unknown  Unknown
lambda.x           00000000004608D5  Unknown               Unknown  Unknown
lambda.x           0000000000403BEB  MAIN__                     60  lambda.f90
lambda.x           0000000000403B5E  Unknown               Unknown  Unknown
libc-2.17.so       00002B93D9F8A445  __libc_start_main     Unknown  Unknown
lambda.x           0000000000403A69  Unknown               Unknown  Unknown
forrtl: severe (24): end-of-file during read, unit 5, file /proc/9735/fd/0
Image              PC                Routine            Line        Source             
lambda.x           000000000043BCDE  Unknown               Unknown  Unknown
lambda.x           00000000004608D5  Unknown               Unknown  Unknown
lambda.x           0000000000403BEB  MAIN__                     60  lambda.f90
lambda.x           0000000000403B5E  Unknown               Unknown  Unknown
libc-2.17.so       00002BA9BC028445  __libc_start_main     Unknown  Unknown
lambda.x           0000000000403A69  Unknown               Unknown  Unknown
forrtl: severe (24): end-of-file during read, unit 5, file /proc/9744/fd/0
Image              PC                Routine            Line        Source             
lambda.x           000000000043BCDE  Unknown               Unknown  Unknown
lambda.x           00000000004608D5  Unknown               Unknown  Unknown
lambda.x           0000000000403BEB  MAIN__                     60  lambda.f90
lambda.x           0000000000403B5E  Unknown               Unknown  Unknown
libc-2.17.so       00002B371A6FC445  __libc_start_main     Unknown  Unknown
lambda.x           0000000000403A69  Unknown               Unknown  Unknown
forrtl: severe (24): end-of-file during read, unit 5, file /proc/9733/fd/0
Image              PC                Routine            Line        Source             
lambda.x           000000000043BCDE  Unknown               Unknown  Unknown
lambda.x           00000000004608D5  Unknown               Unknown  Unknown
lambda.x           0000000000403BEB  MAIN__                     60  lambda.f90
lambda.x           0000000000403B5E  Unknown               Unknown  Unknown
libc-2.17.so       00002B13CB4FD445  __libc_start_main     Unknown  Unknown
lambda.x           0000000000403A69  Unknown               Unknown  Unknown
forrtl: severe (24): end-of-file during read, unit 5, file /proc/9743/fd/0
Image              PC                Routine            Line        Source             
lambda.x           000000000043BCDE  Unknown               Unknown  Unknown
lambda.x           00000000004608D5  Unknown               Unknown  Unknown
lambda.x           0000000000403BEB  MAIN__                     60  lambda.f90
lambda.x           0000000000403B5E  Unknown               Unknown  Unknown
libc-2.17.so       00002B0458EB0445  __libc_start_main     Unknown  Unknown
lambda.x           0000000000403A69  Unknown               Unknown  Unknown
