INFO:__main__:hf_pbe_v1.uspp.f.upf
INFO:__main__:hf_pbe_plus4_v1.uspp.f.upf
INFO:__main__:hg_pbe_v1.uspp.f.upf
INFO:__main__:h_pbe_v1.4.uspp.f.upf
INFO:__main__:rh_pbe_v1.2.uspp.f.upf
INFO:__main__:rh_pbe_v1.4.uspp.f.upf
INFO:__main__:h_pbe_v1.uspp.f.upf
INFO:__main__:hf_pbe_v1.uspp.f.upf
INFO:__main__:hf_pbe_plus4_v1.uspp.f.upf
INFO:__main__:hg_pbe_v1.uspp.f.upf
INFO:__main__:h_pbe_v1.4.uspp.f.upf
INFO:__main__:rh_pbe_v1.2.uspp.f.upf
INFO:__main__:rh_pbe_v1.4.uspp.f.upf
INFO:__main__:h_pbe_v1.uspp.f.upf
INFO:__main__:hf_pbe_v1.uspp.F.UPF
INFO:__main__:hf_pbe_plus4_v1.uspp.F.UPF
INFO:__main__:hg_pbe_v1.uspp.F.UPF
INFO:__main__:h_pbe_v1.4.uspp.F.UPF
INFO:__main__:rh_pbe_v1.2.uspp.F.UPF
INFO:__main__:rh_pbe_v1.4.uspp.F.UPF
INFO:__main__:h_pbe_v1.uspp.F.UPF
INFO:__main__:hf_pbe_v1.uspp.F.UPF
INFO:__main__:hf_pbe_plus4_v1.uspp.F.UPF
INFO:__main__:hg_pbe_v1.uspp.F.UPF
INFO:__main__:h_pbe_v1.4.uspp.F.UPF
INFO:__main__:rh_pbe_v1.2.uspp.F.UPF
INFO:__main__:rh_pbe_v1.4.uspp.F.UPF
INFO:__main__:h_pbe_v1.uspp.F.UPF
INFO:__main__:ca_pbe_v1.uspp.F.UPF
INFO:__main__:h_pbe_v1.uspp.F.UPF
INFO:__main__:ca_pbe_v1.uspp.F.UPF
INFO:__main__:h_pbe_v1.uspp.F.UPF
INFO:__main__:ca_pbe_v1.uspp.F.UPF
INFO:__main__:h_pbe_v1.uspp.F.UPF
INFO:__main__:ca_pbe_v1.uspp.F.UPF
INFO:__main__:h_pbe_v1.uspp.F.UPF
INFO:__main__:ca_pbe_v1.uspp.F.UPF
INFO:__main__:h_pbe_v1.uspp.F.UPF
INFO:__main__:ca_pbe_v1.uspp.F.UPF
INFO:__main__:h_pbe_v1.uspp.F.UPF
INFO:__main__:ca_pbe_v1.uspp.F.UPF
INFO:__main__:h_pbe_v1.uspp.F.UPF
INFO:__main__:ca_pbe_v1.uspp.F.UPF
INFO:__main__:h_pbe_v1.uspp.F.UPF
INFO:__main__:ca_pbe_v1.uspp.F.UPF
INFO:__main__:h_pbe_v1.uspp.F.UPF
INFO:__main__:ca_pbe_v1.uspp.F.UPF
INFO:__main__:h_pbe_v1.uspp.F.UPF
INFO:__main__:ca_pbe_v1.uspp.F.UPF
INFO:__main__:h_pbe_v1.uspp.F.UPF
INFO:__main__:ca_pbe_v1.uspp.F.UPF
INFO:__main__:h_pbe_v1.uspp.F.UPF
INFO:__main__:ca_pbe_v1.uspp.F.UPF
INFO:__main__:h_pbe_v1.uspp.F.UPF
INFO:__main__:ca_pbe_v1.uspp.F.UPF
INFO:__main__:h_pbe_v1.uspp.F.UPF
INFO:__main__:ca_pbe_v1.uspp.F.UPF
INFO:__main__:h_pbe_v1.uspp.F.UPF
INFO:__main__:ca_pbe_v1.uspp.F.UPF
INFO:__main__:h_pbe_v1.uspp.F.UPF
